<?xml version="1.0" encoding="UTF-8"?>
<!-- Generated by org.testng.reporters.JUnitReportReporter -->
<testsuite hostname="Chiki-PC" failures="0" tests="6" name="com.atsistemas.calculadora.controllers.CalculadoraControllerTest" time="1.657" errors="0" timestamp="2023-04-19T10:35:58 WEST" skipped="0">
  <testcase classname="com.atsistemas.calculadora.controllers.CalculadoraControllerTest" name="pathErroneo" time="0.044"/>
  <system-out/>
  <testcase classname="com.atsistemas.calculadora.controllers.CalculadoraControllerTest" name="sumaExitosa" time="0.018"/>
  <system-out/>
  <testcase classname="com.atsistemas.calculadora.controllers.CalculadoraControllerTest" name="restaExitosa" time="0.018"/>
  <system-out/>
  <testcase classname="com.atsistemas.calculadora.controllers.CalculadoraControllerTest" name="operacionErronea" time="0.030"/>
  <system-out/>
  <testcase classname="com.atsistemas.calculadora.controllers.CalculadoraControllerTest" name="multExitosa" time="0.039"/>
  <system-out/>
  <testcase classname="com.atsistemas.calculadora.controllers.CalculadoraControllerTest" name="divExitosa" time="1.508"/>
  <system-out/>
</testsuite> <!-- com.atsistemas.calculadora.controllers.CalculadoraControllerTest -->
